{"synthetic": false,
 "schemaVersion": "2025-09-10",
 "outputs":
 {"o": ["7ed3abc6a2d8c091.olean"],
  "i": "652439cd117f99ab.ilean",
  "c": "f878f7c875548064.c"},
 "log":
 [{"message":
   ".> LEAN_PATH=/home/bojo/Development/ailang/lean/.lake/build/lib/lean /nix/store/38kmycn5w6dd230r045zclyl4zahcm1c-lean4-4.28.0/bin/lean /home/bojo/Development/ailang/lean/IrisKernel/FFI.lean -o /home/bojo/Development/ailang/lean/.lake/build/lib/lean/IrisKernel/FFI.olean -i /home/bojo/Development/ailang/lean/.lake/build/lib/lean/IrisKernel/FFI.ilean -c /home/bojo/Development/ailang/lean/.lake/build/ir/IrisKernel/FFI.c --setup /home/bojo/Development/ailang/lean/.lake/build/ir/IrisKernel/FFI.setup.json --json",
   "level": "trace"}],
 "inputs":
 [["IrisKernel.FFI:deps",
   [["deps",
     [["«iris-kernel»/IrisKernel:extraDep",
       [["@«iris-kernel»:extraDep", "00000000000006bb"]]],
      ["imports",
       [["IrisKernel.Types transitive imports (legacy)", "00000000000006bb"],
        ["IrisKernel.Types:importAllArts", "51e6c1b7e4bff075"],
        ["IrisKernel.Eval transitive imports (legacy)", "4fb08f520d8aa1a7"],
        ["IrisKernel.Eval:importAllArts", "e8ba364fabcc4b13"]]]]],
    ["libs",
     [["import dynlibs", "00000000000006bb"],
      ["package external libraries", "00000000000006bb"],
      ["module dynlibs", "00000000000006bb"],
      ["module plugins", "00000000000006bb"]]]]],
  ["Lean 4.28.0, commit v4.28.0", "f336884a5afab07d"],
  ["/home/bojo/Development/ailang/lean/IrisKernel/FFI.lean",
   "e47ec0b429048790"],
  ["options", [["-DautoImplicit=false", "4a85acb881fd49d0"]]],
  ["Module.leanArgs: #[]", "00000000000006bb"]],
 "depHash": "ca86f6428745821d"}