{"synthetic": false,
 "schemaVersion": "2025-09-10",
 "outputs":
 {"o": ["d875c8622429db65.olean"],
  "i": "2eac457439fef9a3.ilean",
  "c": "40e6e29d43257bd7.c"},
 "log":
 [{"message":
   ".> LEAN_PATH=/home/bojo/Development/ailang/lean/.lake/build/lib/lean /nix/store/38kmycn5w6dd230r045zclyl4zahcm1c-lean4-4.28.0/bin/lean /home/bojo/Development/ailang/lean/IrisKernel.lean -o /home/bojo/Development/ailang/lean/.lake/build/lib/lean/IrisKernel.olean -i /home/bojo/Development/ailang/lean/.lake/build/lib/lean/IrisKernel.ilean -c /home/bojo/Development/ailang/lean/.lake/build/ir/IrisKernel.c --setup /home/bojo/Development/ailang/lean/.lake/build/ir/IrisKernel.setup.json --json",
   "level": "trace"}],
 "inputs":
 [["IrisKernel:deps",
   [["deps",
     [["«iris-kernel»/IrisKernel:extraDep",
       [["@«iris-kernel»:extraDep", "00000000000006bb"]]],
      ["imports",
       [["IrisKernel.Types transitive imports (legacy)", "00000000000006bb"],
        ["IrisKernel.Types:importAllArts", "51e6c1b7e4bff075"],
        ["IrisKernel.Rules transitive imports (legacy)", "4fb08f520d8aa1a7"],
        ["IrisKernel.Rules:importAllArts", "516462e1f0ca5f98"],
        ["IrisKernel.Properties transitive imports (legacy)",
         "667e99693b01b811"],
        ["IrisKernel.Properties:importAllArts", "85d2136fa7dd8348"],
        ["IrisKernel.Consistency transitive imports (legacy)",
         "167631ff09382175"],
        ["IrisKernel.Consistency:importAllArts", "970c1fe9f016ebc2"],
        ["IrisKernel.Eval transitive imports (legacy)", "4fb08f520d8aa1a7"],
        ["IrisKernel.Eval:importAllArts", "e8ba364fabcc4b13"],
        ["IrisKernel.FFI transitive imports (legacy)", "ca33bde1dd91af86"],
        ["IrisKernel.FFI:importAllArts", "41de7f6cc2951b88"]]]]],
    ["libs",
     [["import dynlibs", "00000000000006bb"],
      ["package external libraries", "00000000000006bb"],
      ["module dynlibs", "00000000000006bb"],
      ["module plugins", "00000000000006bb"]]]]],
  ["Lean 4.28.0, commit v4.28.0", "f336884a5afab07d"],
  ["/home/bojo/Development/ailang/lean/IrisKernel.lean", "089ef00dfd79285a"],
  ["options", [["-DautoImplicit=false", "4a85acb881fd49d0"]]],
  ["Module.leanArgs: #[]", "00000000000006bb"]],
 "depHash": "170f47194004ef77"}